<?xml version="1.0" encoding="UTF-8"?>
<!-- Generated by org.testng.reporters.JUnitReportReporter -->
<testsuite name="test.Demo1" tests="1" time="0.004" ignored="6" failures="1" timestamp="24 Oct 2022 10:36:13 GMT" skipped="0" hostname="USHYDKDARISI02" errors="0">
  <testcase name="step01" time="0.004" classname="test.Demo1">
    <failure type="java.lang.AssertionError" message="expected [true] but found [false]">
      <![CDATA[java.lang.AssertionError: expected [true] but found [false]
	at org.testng.Assert.fail(Assert.java:94)
	at org.testng.Assert.failNotEquals(Assert.java:513)
	at org.testng.Assert.assertTrue(Assert.java:42)
	at org.testng.Assert.assertTrue(Assert.java:52)
	at test.Demo1.step01(Demo1.java:40)
	at sun.reflect.NativeMethodAccessorImpl.invoke0(Native Method)
	at sun.reflect.NativeMethodAccessorImpl.invoke(NativeMethodAccessorImpl.java:62)
	at sun.reflect.DelegatingMethodAccessorImpl.invoke(DelegatingMethodAccessorImpl.java:43)
	at java.lang.reflect.Method.invoke(Method.java:498)
	at org.testng.internal.MethodInvocationHelper.invokeMethod(MethodInvocationHelper.java:104)
	at org.testng.internal.Invoker.invokeMethod(Invoker.java:645)
	at org.testng.internal.Invoker.invokeTestMethod(Invoker.java:851)
	at org.testng.internal.Invoker.invokeTestMethods(Invoker.java:1177)
	at org.testng.internal.TestMethodWorker.invokeTestMethods(TestMethodWorker.java:129)
	at org.testng.internal.TestMethodWorker.run(TestMethodWorker.java:112)
	at java.util.concurrent.ThreadPoolExecutor.runWorker(ThreadPoolExecutor.java:1149)
	at java.util.concurrent.ThreadPoolExecutor$Worker.run(ThreadPoolExecutor.java:624)
	at java.lang.Thread.run(Thread.java:750)
]]>
    </failure>
  </testcase> <!-- step01 -->
  <testcase name="mobileLoginCarLoan" classname="test.Demo3">
    <skipped/>
  </testcase> <!-- mobileLoginCarLoan -->
  <testcase name="webLoginCarLoan" classname="test.Demo3">
    <skipped/>
  </testcase> <!-- webLoginCarLoan -->
  <testcase name="mobileLogin2CarLoan" classname="test.Demo3">
    <skipped/>
  </testcase> <!-- mobileLogin2CarLoan -->
  <testcase name="mobileLogin1CarLoan" classname="test.Demo3">
    <skipped/>
  </testcase> <!-- mobileLogin1CarLoan -->
  <testcase name="mobileLogin3CarLoan" classname="test.Demo3">
    <skipped/>
  </testcase> <!-- mobileLogin3CarLoan -->
  <testcase name="step02" classname="test.Demo1">
    <skipped/>
  </testcase> <!-- step02 -->
</testsuite> <!-- test.Demo1 -->
