<html>
<head>
<title>TestNG:  personal loan</title>
<link href="../testng.css" rel="stylesheet" type="text/css" />
<link href="../my-testng.css" rel="stylesheet" type="text/css" />

<style type="text/css">
.log { display: none;} 
.stack-trace { display: none;} 
</style>
<script type="text/javascript">
<!--
function flip(e) {
  current = e.style.display;
  if (current == 'block') {
    e.style.display = 'none';
    return 0;
  }
  else {
    e.style.display = 'block';
    return 1;
  }
}

function toggleBox(szDivId, elem, msg1, msg2)
{
  var res = -1;  if (document.getElementById) {
    res = flip(document.getElementById(szDivId));
  }
  else if (document.all) {
    // this is the way old msie versions work
    res = flip(document.all[szDivId]);
  }
  if(elem) {
    if(res == 0) elem.innerHTML = msg1; else elem.innerHTML = msg2;
  }

}

function toggleAllBoxes() {
  if (document.getElementsByTagName) {
    d = document.getElementsByTagName('div');
    for (i = 0; i < d.length; i++) {
      if (d[i].className == 'log') {
        flip(d[i]);
      }
    }
  }
}

// -->
</script>

</head>
<body>
<h2 align='center'>personal loan</h2><table border='1' align="center">
<tr>
<td>Tests passed/Failed/Skipped:</td><td>7/1/0</td>
</tr><tr>
<td>Started on:</td><td>Mon Oct 24 16:06:13 IST 2022</td>
</tr>
<tr><td>Total time:</td><td>0 seconds (29 ms)</td>
</tr><tr>
<td>Included groups:</td><td></td>
</tr><tr>
<td>Excluded groups:</td><td></td>
</tr>
</table><p/>
<small><i>(Hover the method name to see the test class name)</i></small><p/>
<table width='100%' border='1' class='invocation-failed'>
<tr><td colspan='4' align='center'><b>FAILED TESTS</b></td></tr>
<tr><td><b>Test method</b></td>
<td width="30%"><b>Exception</b></td>
<td width="10%"><b>Time (seconds)</b></td>
<td><b>Instance</b></td>
</tr>
<tr>
<td title='test.Demo1.step01()'><b>step01</b><br>Test class: test.Demo1</td>
<td><div><pre>java.lang.AssertionError: expected [true] but found [false]
	at test.Demo1.step01(Demo1.java:40)
	at java.util.concurrent.ThreadPoolExecutor.runWorker(ThreadPoolExecutor.java:1149)
	at java.util.concurrent.ThreadPoolExecutor$Worker.run(ThreadPoolExecutor.java:624)
	at java.lang.Thread.run(Thread.java:750)
... Removed 14 stack frames</pre></div><a href='#' onClick='toggleBox("stack-trace1319733710", this, "Click to show all stack frames", "Click to hide stack frames")'>Click to show all stack frames</a>
<div class='stack-trace' id='stack-trace1319733710'><pre>java.lang.AssertionError: expected [true] but found [false]
	at org.testng.Assert.fail(Assert.java:94)
	at org.testng.Assert.failNotEquals(Assert.java:513)
	at org.testng.Assert.assertTrue(Assert.java:42)
	at org.testng.Assert.assertTrue(Assert.java:52)
	at test.Demo1.step01(Demo1.java:40)
	at sun.reflect.NativeMethodAccessorImpl.invoke0(Native Method)
	at sun.reflect.NativeMethodAccessorImpl.invoke(NativeMethodAccessorImpl.java:62)
	at sun.reflect.DelegatingMethodAccessorImpl.invoke(DelegatingMethodAccessorImpl.java:43)
	at java.lang.reflect.Method.invoke(Method.java:498)
	at org.testng.internal.MethodInvocationHelper.invokeMethod(MethodInvocationHelper.java:104)
	at org.testng.internal.Invoker.invokeMethod(Invoker.java:645)
	at org.testng.internal.Invoker.invokeTestMethod(Invoker.java:851)
	at org.testng.internal.Invoker.invokeTestMethods(Invoker.java:1177)
	at org.testng.internal.TestMethodWorker.invokeTestMethods(TestMethodWorker.java:129)
	at org.testng.internal.TestMethodWorker.run(TestMethodWorker.java:112)
	at java.util.concurrent.ThreadPoolExecutor.runWorker(ThreadPoolExecutor.java:1149)
	at java.util.concurrent.ThreadPoolExecutor$Worker.run(ThreadPoolExecutor.java:624)
	at java.lang.Thread.run(Thread.java:750)
</pre></div></td>
<td>0</td>
<td>test.Demo1@e45f292</td></tr>
</table><p>
<table width='100%' border='1' class='invocation-passed'>
<tr><td colspan='4' align='center'><b>PASSED TESTS</b></td></tr>
<tr><td><b>Test method</b></td>
<td width="30%"><b>Exception</b></td>
<td width="10%"><b>Time (seconds)</b></td>
<td><b>Instance</b></td>
</tr>
<tr>
<td title='test.Demo4.APILoginHomeLoan()'><b>APILoginHomeLoan</b><br>Test class: test.Demo4</td>
<td></td>
<td>0</td>
<td>test.Demo4@1e397ed7</td></tr>
<tr>
<td title='test.Demo4.mobileLoginHomeLoan()'><b>mobileLoginHomeLoan</b><br>Test class: test.Demo4</td>
<td></td>
<td>0</td>
<td>test.Demo4@1e397ed7</td></tr>
<tr>
<td title='test.ParameterizedTest.paramTest()'><b>paramTest</b><br>Test class: test.ParameterizedTest<br>Parameters: https://personalLoan.com/, 123456</td>
<td></td>
<td>0</td>
<td>test.ParameterizedTest@490ab905</td></tr>
<tr>
<td title='test.Demo2.step01()'><b>step01</b><br>Test class: test.Demo2</td>
<td></td>
<td>0</td>
<td>test.Demo2@5f2108b5</td></tr>
<tr>
<td title='test.Demo2.step02()'><b>step02</b><br>Test class: test.Demo2</td>
<td></td>
<td>0</td>
<td>test.Demo2@5f2108b5</td></tr>
<tr>
<td title='test.Demo2.step03()'><b>step03</b><br>Test class: test.Demo2</td>
<td></td>
<td>0</td>
<td>test.Demo2@5f2108b5</td></tr>
<tr>
<td title='test.Demo4.webLoginHomeLoan()'><b>webLoginHomeLoan</b><br>Test class: test.Demo4</td>
<td></td>
<td>0</td>
<td>test.Demo4@1e397ed7</td></tr>
</table><p>
</body>
</html>