<?xml version="1.0" encoding="UTF-8"?>
<!-- Generated by org.testng.reporters.JUnitXMLReporter -->
<testsuite hostname="USHYDKDARISI02" ignored="1" name="personal loan" tests="8" failures="1" timestamp="24 Oct 2022 10:36:13 GMT" time="0.029" errors="0">
  <testcase name="step02" time="0.004" classname="test.Demo2"/>
  <testcase name="step01" time="0.004" classname="test.Demo1">
    <failure type="java.lang.AssertionError" message="expected [true] but found [false]">
      <![CDATA[java.lang.AssertionError: expected [true] but found [false]
	at test.Demo1.step01(Demo1.java:40)
	at java.util.concurrent.ThreadPoolExecutor.runWorker(ThreadPoolExecutor.java:1149)
	at java.util.concurrent.ThreadPoolExecutor$Worker.run(ThreadPoolExecutor.java:624)
	at java.lang.Thread.run(Thread.java:750)
... Removed 14 stack frames]]>
    </failure>
  </testcase> <!-- step01 -->
  <testcase name="step03" time="0.0" classname="test.Demo2"/>
  <testcase name="APILoginHomeLoan" time="0.001" classname="test.Demo4"/>
  <testcase name="paramTest" time="0.001" classname="test.ParameterizedTest"/>
  <testcase name="mobileLoginHomeLoan" time="0.001" classname="test.Demo4"/>
  <testcase name="webLoginHomeLoan" time="0.0" classname="test.Demo4"/>
  <testcase name="step01" time="0.001" classname="test.Demo2"/>
  <testcase name="step02" time="0.0" classname="test.Demo1">
    <ignored/>
  </testcase> <!-- step02 -->
</testsuite> <!-- personal loan -->
