<?xml version="1.0" encoding="UTF-8"?>
<!-- Generated by org.testng.reporters.JUnitXMLReporter -->
<testsuite hostname="USHYDKDARISI02" ignored="0" name="test" tests="2" failures="1" timestamp="24 Oct 2022 10:47:32 GMT" time="0.026" errors="0">
  <testcase name="step01" time="0.007" classname="test.Dummy_For_Listener"/>
  <testcase name="step02" time="0.003" classname="test.Dummy_For_Listener">
    <failure type="java.lang.AssertionError">
      <![CDATA[java.lang.AssertionError
	at org.junit.Assert.fail(Assert.java:92)
	at org.junit.Assert.assertTrue(Assert.java:43)
	at org.junit.Assert.assertTrue(Assert.java:54)
	at test.Dummy_For_Listener.step02(Dummy_For_Listener.java:16)
... Removed 25 stack frames]]>
    </failure>
  </testcase> <!-- step02 -->
</testsuite> <!-- test -->
