<?xml version="1.0" encoding="UTF-8"?>
<!-- Generated by org.testng.reporters.JUnitXMLReporter -->
<testsuite hostname="USHYDKDARISI02" name="TestKanya" tests="2" failures="1" timestamp="25 Oct 2022 10:09:45 GMT" time="55.816" errors="0">
  <testcase name="step01" time="25.618" classname="sample.StandaloneProjectDuplicate"/>
  <testcase name="step02" time="5.306" classname="sample.StandaloneProjectDuplicate">
    <failure type="java.lang.AssertionError" message="expected [false] but found [true]">
      <![CDATA[java.lang.AssertionError: expected [false] but found [true]
	at sample.StandaloneProjectDuplicate.step02(StandaloneProjectDuplicate.java:116)
... Removed 29 stack frames]]>
    </failure>
  </testcase> <!-- step02 -->
</testsuite> <!-- TestKanya -->
